Analysis & Synthesis report for aes
Wed Oct 31 15:55:06 2018
Quartus II 64-Bit Version 13.0.1 Build 232 06/12/2013 Service Pack 1 SJ Web Edition


---------------------
; Table of Contents ;
---------------------
  1. Legal Notice
  2. Analysis & Synthesis Summary
  3. Analysis & Synthesis Settings
  4. Parallel Compilation
  5. Analysis & Synthesis Source Files Read
  6. Analysis & Synthesis Resource Usage Summary
  7. Analysis & Synthesis Resource Utilization by Entity
  8. State Machine - |aes|aes_core:core|controllerFSM:control|s
  9. State Machine - |aes|aes_core:core|levelToPulse:lvp|state
 10. Registers Removed During Synthesis
 11. General Register Statistics
 12. Multiplexer Restructuring Statistics (Restructuring Performed)
 13. Port Connectivity Checks: "aes_core:core|keyExpansionRounds:KE|keyExpansionHelper:keyHelp4"
 14. Port Connectivity Checks: "aes_core:core|keyExpansionRounds:KE|keyExpansionHelper:keyHelp3"
 15. Port Connectivity Checks: "aes_core:core|keyExpansionRounds:KE|keyExpansionHelper:keyHelp2"
 16. Port Connectivity Checks: "aes_core:core|keyExpansionRounds:KE|keyExpansionHelper:keyHelp1"
 17. Elapsed Time Per Partition
 18. Analysis & Synthesis Messages



----------------
; Legal Notice ;
----------------
Copyright (C) 1991-2013 Altera Corporation
Your use of Altera Corporation's design tools, logic functions 
and other software and tools, and its AMPP partner logic 
functions, and any output files from any of the foregoing 
(including device programming or simulation files), and any 
associated documentation or information are expressly subject 
to the terms and conditions of the Altera Program License 
Subscription Agreement, Altera MegaCore Function License 
Agreement, or other applicable license agreement, including, 
without limitation, that your use is for the sole purpose of 
programming logic devices manufactured by Altera and sold by 
Altera or its authorized distributors.  Please refer to the 
applicable agreement for further details.



+--------------------------------------------------------------------------------------+
; Analysis & Synthesis Summary                                                         ;
+------------------------------------+-------------------------------------------------+
; Analysis & Synthesis Status        ; Successful - Wed Oct 31 15:55:06 2018           ;
; Quartus II 64-Bit Version          ; 13.0.1 Build 232 06/12/2013 SP 1 SJ Web Edition ;
; Revision Name                      ; aes                                             ;
; Top-level Entity Name              ; aes                                             ;
; Family                             ; Cyclone IV E                                    ;
; Total logic elements               ; 5,443                                           ;
;     Total combinational functions  ; 5,175                                           ;
;     Dedicated logic registers      ; 655                                             ;
; Total registers                    ; 655                                             ;
; Total pins                         ; 6                                               ;
; Total virtual pins                 ; 0                                               ;
; Total memory bits                  ; 0                                               ;
; Embedded Multiplier 9-bit elements ; 0                                               ;
; Total PLLs                         ; 0                                               ;
+------------------------------------+-------------------------------------------------+


+----------------------------------------------------------------------------------------------------------------------+
; Analysis & Synthesis Settings                                                                                        ;
+----------------------------------------------------------------------------+--------------------+--------------------+
; Option                                                                     ; Setting            ; Default Value      ;
+----------------------------------------------------------------------------+--------------------+--------------------+
; Device                                                                     ; EP4CE6E22C8        ;                    ;
; Top-level entity name                                                      ; aes                ; aes                ;
; Family name                                                                ; Cyclone IV E       ; Cyclone IV GX      ;
; Use smart compilation                                                      ; Off                ; Off                ;
; Enable parallel Assembler and TimeQuest Timing Analyzer during compilation ; On                 ; On                 ;
; Enable compact report table                                                ; Off                ; Off                ;
; Restructure Multiplexers                                                   ; Auto               ; Auto               ;
; Create Debugging Nodes for IP Cores                                        ; Off                ; Off                ;
; Preserve fewer node names                                                  ; On                 ; On                 ;
; Disable OpenCore Plus hardware evaluation                                  ; Off                ; Off                ;
; Verilog Version                                                            ; Verilog_2001       ; Verilog_2001       ;
; VHDL Version                                                               ; VHDL_1993          ; VHDL_1993          ;
; State Machine Processing                                                   ; Auto               ; Auto               ;
; Safe State Machine                                                         ; Off                ; Off                ;
; Extract Verilog State Machines                                             ; On                 ; On                 ;
; Extract VHDL State Machines                                                ; On                 ; On                 ;
; Ignore Verilog initial constructs                                          ; Off                ; Off                ;
; Iteration limit for constant Verilog loops                                 ; 5000               ; 5000               ;
; Iteration limit for non-constant Verilog loops                             ; 250                ; 250                ;
; Add Pass-Through Logic to Inferred RAMs                                    ; On                 ; On                 ;
; Infer RAMs from Raw Logic                                                  ; On                 ; On                 ;
; Parallel Synthesis                                                         ; On                 ; On                 ;
; DSP Block Balancing                                                        ; Auto               ; Auto               ;
; NOT Gate Push-Back                                                         ; On                 ; On                 ;
; Power-Up Don't Care                                                        ; On                 ; On                 ;
; Remove Redundant Logic Cells                                               ; Off                ; Off                ;
; Remove Duplicate Registers                                                 ; On                 ; On                 ;
; Ignore CARRY Buffers                                                       ; Off                ; Off                ;
; Ignore CASCADE Buffers                                                     ; Off                ; Off                ;
; Ignore GLOBAL Buffers                                                      ; Off                ; Off                ;
; Ignore ROW GLOBAL Buffers                                                  ; Off                ; Off                ;
; Ignore LCELL Buffers                                                       ; Off                ; Off                ;
; Ignore SOFT Buffers                                                        ; On                 ; On                 ;
; Limit AHDL Integers to 32 Bits                                             ; Off                ; Off                ;
; Optimization Technique                                                     ; Balanced           ; Balanced           ;
; Carry Chain Length                                                         ; 70                 ; 70                 ;
; Auto Carry Chains                                                          ; On                 ; On                 ;
; Auto Open-Drain Pins                                                       ; On                 ; On                 ;
; Perform WYSIWYG Primitive Resynthesis                                      ; Off                ; Off                ;
; Auto ROM Replacement                                                       ; On                 ; On                 ;
; Auto RAM Replacement                                                       ; On                 ; On                 ;
; Auto DSP Block Replacement                                                 ; On                 ; On                 ;
; Auto Shift Register Replacement                                            ; Auto               ; Auto               ;
; Allow Shift Register Merging across Hierarchies                            ; Auto               ; Auto               ;
; Auto Clock Enable Replacement                                              ; On                 ; On                 ;
; Strict RAM Replacement                                                     ; Off                ; Off                ;
; Allow Synchronous Control Signals                                          ; On                 ; On                 ;
; Force Use of Synchronous Clear Signals                                     ; Off                ; Off                ;
; Auto RAM Block Balancing                                                   ; On                 ; On                 ;
; Auto RAM to Logic Cell Conversion                                          ; Off                ; Off                ;
; Auto Resource Sharing                                                      ; Off                ; Off                ;
; Allow Any RAM Size For Recognition                                         ; Off                ; Off                ;
; Allow Any ROM Size For Recognition                                         ; Off                ; Off                ;
; Allow Any Shift Register Size For Recognition                              ; Off                ; Off                ;
; Use LogicLock Constraints during Resource Balancing                        ; On                 ; On                 ;
; Ignore translate_off and synthesis_off directives                          ; Off                ; Off                ;
; Timing-Driven Synthesis                                                    ; On                 ; On                 ;
; Report Parameter Settings                                                  ; On                 ; On                 ;
; Report Source Assignments                                                  ; On                 ; On                 ;
; Report Connectivity Checks                                                 ; On                 ; On                 ;
; Ignore Maximum Fan-Out Assignments                                         ; Off                ; Off                ;
; Synchronization Register Chain Length                                      ; 2                  ; 2                  ;
; PowerPlay Power Optimization                                               ; Normal compilation ; Normal compilation ;
; HDL message level                                                          ; Level2             ; Level2             ;
; Suppress Register Optimization Related Messages                            ; Off                ; Off                ;
; Number of Removed Registers Reported in Synthesis Report                   ; 5000               ; 5000               ;
; Number of Swept Nodes Reported in Synthesis Report                         ; 5000               ; 5000               ;
; Number of Inverted Registers Reported in Synthesis Report                  ; 100                ; 100                ;
; Clock MUX Protection                                                       ; On                 ; On                 ;
; Auto Gated Clock Conversion                                                ; Off                ; Off                ;
; Block Design Naming                                                        ; Auto               ; Auto               ;
; SDC constraint protection                                                  ; Off                ; Off                ;
; Synthesis Effort                                                           ; Auto               ; Auto               ;
; Shift Register Replacement - Allow Asynchronous Clear Signal               ; On                 ; On                 ;
; Pre-Mapping Resynthesis Optimization                                       ; Off                ; Off                ;
; Analysis & Synthesis Message Level                                         ; Medium             ; Medium             ;
; Disable Register Merging Across Hierarchies                                ; Auto               ; Auto               ;
; Resource Aware Inference For Block RAM                                     ; On                 ; On                 ;
; Synthesis Seed                                                             ; 1                  ; 1                  ;
+----------------------------------------------------------------------------+--------------------+--------------------+


Parallel compilation was disabled, but you have multiple processors available. Enable parallel compilation to reduce compilation time.
+-------------------------------------+
; Parallel Compilation                ;
+----------------------------+--------+
; Processors                 ; Number ;
+----------------------------+--------+
; Number detected on machine ; 8      ;
; Maximum allowed            ; 1      ;
+----------------------------+--------+


+------------------------------------------------------------------------------------------------------------------------------------------+
; Analysis & Synthesis Source Files Read                                                                                                   ;
+----------------------------------+-----------------+------------------------------+--------------------------------------------+---------+
; File Name with User-Entered Path ; Used in Netlist ; File Type                    ; File Name with Absolute Path               ; Library ;
+----------------------------------+-----------------+------------------------------+--------------------------------------------+---------+
; aes.sv                           ; yes             ; User SystemVerilog HDL File  ; C:/Users/pjohnson/Desktop/lab7_PJ/aes.sv   ;         ;
; sbox.txt                         ; yes             ; Auto-Found File              ; C:/Users/pjohnson/Desktop/lab7_PJ/sbox.txt ;         ;
+----------------------------------+-----------------+------------------------------+--------------------------------------------+---------+


+----------------------------------------------------------------------------------------+
; Analysis & Synthesis Resource Usage Summary                                            ;
+---------------------------------------------+------------------------------------------+
; Resource                                    ; Usage                                    ;
+---------------------------------------------+------------------------------------------+
; Estimated Total logic elements              ; 5,443                                    ;
;                                             ;                                          ;
; Total combinational functions               ; 5175                                     ;
; Logic element usage by number of LUT inputs ;                                          ;
;     -- 4 input functions                    ; 4705                                     ;
;     -- 3 input functions                    ; 444                                      ;
;     -- <=2 input functions                  ; 26                                       ;
;                                             ;                                          ;
; Logic elements by mode                      ;                                          ;
;     -- normal mode                          ; 5175                                     ;
;     -- arithmetic mode                      ; 0                                        ;
;                                             ;                                          ;
; Total registers                             ; 655                                      ;
;     -- Dedicated logic registers            ; 655                                      ;
;     -- I/O registers                        ; 0                                        ;
;                                             ;                                          ;
; I/O pins                                    ; 6                                        ;
; Embedded Multiplier 9-bit elements          ; 0                                        ;
; Maximum fan-out node                        ; aes_core:core|controllerFSM:control|s.S0 ;
; Maximum fan-out                             ; 534                                      ;
; Total fan-out                               ; 21787                                    ;
; Average fan-out                             ; 3.73                                     ;
+---------------------------------------------+------------------------------------------+


+----------------------------------------------------------------------------------------------------------------------------------------------------------------------------------------------------------------------------------------------------------------------+
; Analysis & Synthesis Resource Utilization by Entity                                                                                                                                                                                                                  ;
+----------------------------------------+-------------------+--------------+-------------+--------------+---------+-----------+------+--------------+--------------------------------------------------------------------------------------------------+--------------+
; Compilation Hierarchy Node             ; LC Combinationals ; LC Registers ; Memory Bits ; DSP Elements ; DSP 9x9 ; DSP 18x18 ; Pins ; Virtual Pins ; Full Hierarchy Name                                                                              ; Library Name ;
+----------------------------------------+-------------------+--------------+-------------+--------------+---------+-----------+------+--------------+--------------------------------------------------------------------------------------------------+--------------+
; |aes                                   ; 5175 (0)          ; 655 (0)      ; 0           ; 0            ; 0       ; 0         ; 6    ; 0            ; |aes                                                                                             ; work         ;
;    |aes_core:core|                     ; 5047 (0)          ; 270 (0)      ; 0           ; 0            ; 0       ; 0         ; 0    ; 0            ; |aes|aes_core:core                                                                               ; work         ;
;       |addRoundKey:AR|                 ; 132 (132)         ; 0 (0)        ; 0           ; 0            ; 0       ; 0         ; 0    ; 0            ; |aes|aes_core:core|addRoundKey:AR                                                                ; work         ;
;       |bigmux2:muxFin|                 ; 177 (177)         ; 0 (0)        ; 0           ; 0            ; 0       ; 0         ; 0    ; 0            ; |aes|aes_core:core|bigmux2:muxFin                                                                ; work         ;
;       |bigmux2:muxKeyIn|               ; 41 (41)           ; 0 (0)        ; 0           ; 0            ; 0       ; 0         ; 0    ; 0            ; |aes|aes_core:core|bigmux2:muxKeyIn                                                              ; work         ;
;       |bigmux2:muxStateIn|             ; 128 (128)         ; 0 (0)        ; 0           ; 0            ; 0       ; 0         ; 0    ; 0            ; |aes|aes_core:core|bigmux2:muxStateIn                                                            ; work         ;
;       |bigmux2:muxWordsGen|            ; 133 (133)         ; 0 (0)        ; 0           ; 0            ; 0       ; 0         ; 0    ; 0            ; |aes|aes_core:core|bigmux2:muxWordsGen                                                           ; work         ;
;       |controllerFSM:control|          ; 5 (5)             ; 12 (12)      ; 0           ; 0            ; 0       ; 0         ; 0    ; 0            ; |aes|aes_core:core|controllerFSM:control                                                         ; work         ;
;       |flopen:keyExFlop|               ; 0 (0)             ; 128 (128)    ; 0           ; 0            ; 0       ; 0         ; 0    ; 0            ; |aes|aes_core:core|flopen:keyExFlop                                                              ; work         ;
;       |flopen:stateFlop|               ; 0 (0)             ; 128 (128)    ; 0           ; 0            ; 0       ; 0         ; 0    ; 0            ; |aes|aes_core:core|flopen:stateFlop                                                              ; work         ;
;       |keyExpansionRounds:KE|          ; 947 (0)           ; 0 (0)        ; 0           ; 0            ; 0       ; 0         ; 0    ; 0            ; |aes|aes_core:core|keyExpansionRounds:KE                                                         ; work         ;
;          |keyExpansionHelper:keyHelp1| ; 864 (32)          ; 0 (0)        ; 0           ; 0            ; 0       ; 0         ; 0    ; 0            ; |aes|aes_core:core|keyExpansionRounds:KE|keyExpansionHelper:keyHelp1                             ; work         ;
;             |subWord:subWordA|         ; 832 (0)           ; 0 (0)        ; 0           ; 0            ; 0       ; 0         ; 0    ; 0            ; |aes|aes_core:core|keyExpansionRounds:KE|keyExpansionHelper:keyHelp1|subWord:subWordA            ; work         ;
;                |sbox:sboxA|            ; 208 (208)         ; 0 (0)        ; 0           ; 0            ; 0       ; 0         ; 0    ; 0            ; |aes|aes_core:core|keyExpansionRounds:KE|keyExpansionHelper:keyHelp1|subWord:subWordA|sbox:sboxA ; work         ;
;                |sbox:sboxB|            ; 208 (208)         ; 0 (0)        ; 0           ; 0            ; 0       ; 0         ; 0    ; 0            ; |aes|aes_core:core|keyExpansionRounds:KE|keyExpansionHelper:keyHelp1|subWord:subWordA|sbox:sboxB ; work         ;
;                |sbox:sboxC|            ; 208 (208)         ; 0 (0)        ; 0           ; 0            ; 0       ; 0         ; 0    ; 0            ; |aes|aes_core:core|keyExpansionRounds:KE|keyExpansionHelper:keyHelp1|subWord:subWordA|sbox:sboxC ; work         ;
;                |sbox:sboxD|            ; 208 (208)         ; 0 (0)        ; 0           ; 0            ; 0       ; 0         ; 0    ; 0            ; |aes|aes_core:core|keyExpansionRounds:KE|keyExpansionHelper:keyHelp1|subWord:subWordA|sbox:sboxD ; work         ;
;          |keyExpansionHelper:keyHelp2| ; 56 (56)           ; 0 (0)        ; 0           ; 0            ; 0       ; 0         ; 0    ; 0            ; |aes|aes_core:core|keyExpansionRounds:KE|keyExpansionHelper:keyHelp2                             ; work         ;
;          |keyExpansionHelper:keyHelp3| ; 27 (27)           ; 0 (0)        ; 0           ; 0            ; 0       ; 0         ; 0    ; 0            ; |aes|aes_core:core|keyExpansionRounds:KE|keyExpansionHelper:keyHelp3                             ; work         ;
;       |levelToPulse:lvp|               ; 2 (2)             ; 2 (2)        ; 0           ; 0            ; 0       ; 0         ; 0    ; 0            ; |aes|aes_core:core|levelToPulse:lvp                                                              ; work         ;
;       |mixcolumns:MC|                  ; 154 (0)           ; 0 (0)        ; 0           ; 0            ; 0       ; 0         ; 0    ; 0            ; |aes|aes_core:core|mixcolumns:MC                                                                 ; work         ;
;          |mixcolumn:mc0|               ; 41 (41)           ; 0 (0)        ; 0           ; 0            ; 0       ; 0         ; 0    ; 0            ; |aes|aes_core:core|mixcolumns:MC|mixcolumn:mc0                                                   ; work         ;
;          |mixcolumn:mc1|               ; 35 (35)           ; 0 (0)        ; 0           ; 0            ; 0       ; 0         ; 0    ; 0            ; |aes|aes_core:core|mixcolumns:MC|mixcolumn:mc1                                                   ; work         ;
;          |mixcolumn:mc2|               ; 39 (39)           ; 0 (0)        ; 0           ; 0            ; 0       ; 0         ; 0    ; 0            ; |aes|aes_core:core|mixcolumns:MC|mixcolumn:mc2                                                   ; work         ;
;          |mixcolumn:mc3|               ; 39 (39)           ; 0 (0)        ; 0           ; 0            ; 0       ; 0         ; 0    ; 0            ; |aes|aes_core:core|mixcolumns:MC|mixcolumn:mc3                                                   ; work         ;
;       |subBytes:SB|                    ; 3328 (0)          ; 0 (0)        ; 0           ; 0            ; 0       ; 0         ; 0    ; 0            ; |aes|aes_core:core|subBytes:SB                                                                   ; work         ;
;          |sbox:sbox10|                 ; 208 (208)         ; 0 (0)        ; 0           ; 0            ; 0       ; 0         ; 0    ; 0            ; |aes|aes_core:core|subBytes:SB|sbox:sbox10                                                       ; work         ;
;          |sbox:sbox11|                 ; 208 (208)         ; 0 (0)        ; 0           ; 0            ; 0       ; 0         ; 0    ; 0            ; |aes|aes_core:core|subBytes:SB|sbox:sbox11                                                       ; work         ;
;          |sbox:sbox12|                 ; 208 (208)         ; 0 (0)        ; 0           ; 0            ; 0       ; 0         ; 0    ; 0            ; |aes|aes_core:core|subBytes:SB|sbox:sbox12                                                       ; work         ;
;          |sbox:sbox13|                 ; 208 (208)         ; 0 (0)        ; 0           ; 0            ; 0       ; 0         ; 0    ; 0            ; |aes|aes_core:core|subBytes:SB|sbox:sbox13                                                       ; work         ;
;          |sbox:sbox14|                 ; 208 (208)         ; 0 (0)        ; 0           ; 0            ; 0       ; 0         ; 0    ; 0            ; |aes|aes_core:core|subBytes:SB|sbox:sbox14                                                       ; work         ;
;          |sbox:sbox15|                 ; 208 (208)         ; 0 (0)        ; 0           ; 0            ; 0       ; 0         ; 0    ; 0            ; |aes|aes_core:core|subBytes:SB|sbox:sbox15                                                       ; work         ;
;          |sbox:sbox16|                 ; 208 (208)         ; 0 (0)        ; 0           ; 0            ; 0       ; 0         ; 0    ; 0            ; |aes|aes_core:core|subBytes:SB|sbox:sbox16                                                       ; work         ;
;          |sbox:sbox1|                  ; 208 (208)         ; 0 (0)        ; 0           ; 0            ; 0       ; 0         ; 0    ; 0            ; |aes|aes_core:core|subBytes:SB|sbox:sbox1                                                        ; work         ;
;          |sbox:sbox2|                  ; 208 (208)         ; 0 (0)        ; 0           ; 0            ; 0       ; 0         ; 0    ; 0            ; |aes|aes_core:core|subBytes:SB|sbox:sbox2                                                        ; work         ;
;          |sbox:sbox3|                  ; 208 (208)         ; 0 (0)        ; 0           ; 0            ; 0       ; 0         ; 0    ; 0            ; |aes|aes_core:core|subBytes:SB|sbox:sbox3                                                        ; work         ;
;          |sbox:sbox4|                  ; 208 (208)         ; 0 (0)        ; 0           ; 0            ; 0       ; 0         ; 0    ; 0            ; |aes|aes_core:core|subBytes:SB|sbox:sbox4                                                        ; work         ;
;          |sbox:sbox5|                  ; 208 (208)         ; 0 (0)        ; 0           ; 0            ; 0       ; 0         ; 0    ; 0            ; |aes|aes_core:core|subBytes:SB|sbox:sbox5                                                        ; work         ;
;          |sbox:sbox6|                  ; 208 (208)         ; 0 (0)        ; 0           ; 0            ; 0       ; 0         ; 0    ; 0            ; |aes|aes_core:core|subBytes:SB|sbox:sbox6                                                        ; work         ;
;          |sbox:sbox7|                  ; 208 (208)         ; 0 (0)        ; 0           ; 0            ; 0       ; 0         ; 0    ; 0            ; |aes|aes_core:core|subBytes:SB|sbox:sbox7                                                        ; work         ;
;          |sbox:sbox8|                  ; 208 (208)         ; 0 (0)        ; 0           ; 0            ; 0       ; 0         ; 0    ; 0            ; |aes|aes_core:core|subBytes:SB|sbox:sbox8                                                        ; work         ;
;          |sbox:sbox9|                  ; 208 (208)         ; 0 (0)        ; 0           ; 0            ; 0       ; 0         ; 0    ; 0            ; |aes|aes_core:core|subBytes:SB|sbox:sbox9                                                        ; work         ;
;    |aes_spi:spi|                       ; 128 (128)         ; 385 (385)    ; 0           ; 0            ; 0       ; 0         ; 0    ; 0            ; |aes|aes_spi:spi                                                                                 ; work         ;
+----------------------------------------+-------------------+--------------+-------------+--------------+---------+-----------+------+--------------+--------------------------------------------------------------------------------------------------+--------------+
Note: For table entries with two numbers listed, the numbers in parentheses indicate the number of resources of the given type used by the specific entity alone. The numbers listed outside of parentheses indicate the total resources of the given type used by the specific entity and all of its sub-entities in the hierarchy.


Encoding Type:  One-Hot
+---------------------------------------------------------------------------------------------+
; State Machine - |aes|aes_core:core|controllerFSM:control|s                                  ;
+-------+-------+-------+------+------+------+------+------+------+------+------+------+------+
; Name  ; s.S11 ; s.S10 ; s.S9 ; s.S8 ; s.S7 ; s.S6 ; s.S5 ; s.S4 ; s.S3 ; s.S2 ; s.S1 ; s.S0 ;
+-------+-------+-------+------+------+------+------+------+------+------+------+------+------+
; s.S0  ; 0     ; 0     ; 0    ; 0    ; 0    ; 0    ; 0    ; 0    ; 0    ; 0    ; 0    ; 0    ;
; s.S1  ; 0     ; 0     ; 0    ; 0    ; 0    ; 0    ; 0    ; 0    ; 0    ; 0    ; 1    ; 1    ;
; s.S2  ; 0     ; 0     ; 0    ; 0    ; 0    ; 0    ; 0    ; 0    ; 0    ; 1    ; 0    ; 1    ;
; s.S3  ; 0     ; 0     ; 0    ; 0    ; 0    ; 0    ; 0    ; 0    ; 1    ; 0    ; 0    ; 1    ;
; s.S4  ; 0     ; 0     ; 0    ; 0    ; 0    ; 0    ; 0    ; 1    ; 0    ; 0    ; 0    ; 1    ;
; s.S5  ; 0     ; 0     ; 0    ; 0    ; 0    ; 0    ; 1    ; 0    ; 0    ; 0    ; 0    ; 1    ;
; s.S6  ; 0     ; 0     ; 0    ; 0    ; 0    ; 1    ; 0    ; 0    ; 0    ; 0    ; 0    ; 1    ;
; s.S7  ; 0     ; 0     ; 0    ; 0    ; 1    ; 0    ; 0    ; 0    ; 0    ; 0    ; 0    ; 1    ;
; s.S8  ; 0     ; 0     ; 0    ; 1    ; 0    ; 0    ; 0    ; 0    ; 0    ; 0    ; 0    ; 1    ;
; s.S9  ; 0     ; 0     ; 1    ; 0    ; 0    ; 0    ; 0    ; 0    ; 0    ; 0    ; 0    ; 1    ;
; s.S10 ; 0     ; 1     ; 0    ; 0    ; 0    ; 0    ; 0    ; 0    ; 0    ; 0    ; 0    ; 1    ;
; s.S11 ; 1     ; 0     ; 0    ; 0    ; 0    ; 0    ; 0    ; 0    ; 0    ; 0    ; 0    ; 1    ;
+-------+-------+-------+------+------+------+------+------+------+------+------+------+------+


Encoding Type:  One-Hot
+-----------------------------------------------------------+
; State Machine - |aes|aes_core:core|levelToPulse:lvp|state ;
+----------+----------+----------+--------------------------+
; Name     ; state.S0 ; state.S2 ; state.S1                 ;
+----------+----------+----------+--------------------------+
; state.S0 ; 0        ; 0        ; 0                        ;
; state.S1 ; 1        ; 0        ; 1                        ;
; state.S2 ; 1        ; 1        ; 0                        ;
+----------+----------+----------+--------------------------+


+--------------------------------------------------------------+
; Registers Removed During Synthesis                           ;
+-----------------------------------------+--------------------+
; Register name                           ; Reason for Removal ;
+-----------------------------------------+--------------------+
; aes_core:core|levelToPulse:lvp|state.S1 ; Lost fanout        ;
; aes_core:core|controllerFSM:control|s~4 ; Lost fanout        ;
; aes_core:core|controllerFSM:control|s~5 ; Lost fanout        ;
; aes_core:core|controllerFSM:control|s~6 ; Lost fanout        ;
; aes_core:core|controllerFSM:control|s~7 ; Lost fanout        ;
; aes_core:core|controllerFSM:control|s~8 ; Lost fanout        ;
; Total Number of Removed Registers = 6   ;                    ;
+-----------------------------------------+--------------------+


+------------------------------------------------------+
; General Register Statistics                          ;
+----------------------------------------------+-------+
; Statistic                                    ; Value ;
+----------------------------------------------+-------+
; Total registers                              ; 655   ;
; Number of registers using Synchronous Clear  ; 0     ;
; Number of registers using Synchronous Load   ; 0     ;
; Number of registers using Asynchronous Clear ; 12    ;
; Number of registers using Asynchronous Load  ; 0     ;
; Number of registers using Clock Enable       ; 256   ;
; Number of registers using Preset             ; 0     ;
+----------------------------------------------+-------+


+-------------------------------------------------------------------------------------------------------------------------------------------------------+
; Multiplexer Restructuring Statistics (Restructuring Performed)                                                                                        ;
+--------------------+-----------+---------------+----------------------+------------------------+------------+-----------------------------------------+
; Multiplexer Inputs ; Bus Width ; Baseline Area ; Area if Restructured ; Saving if Restructured ; Registered ; Example Multiplexer Output              ;
+--------------------+-----------+---------------+----------------------+------------------------+------------+-----------------------------------------+
; 3:1                ; 128 bits  ; 256 LEs       ; 256 LEs              ; 0 LEs                  ; No         ; |aes|aes_core:core|bigmux2:muxFin|y[25] ;
+--------------------+-----------+---------------+----------------------+------------------------+------------+-----------------------------------------+


+---------------------------------------------------------------------------------------------+
; Port Connectivity Checks: "aes_core:core|keyExpansionRounds:KE|keyExpansionHelper:keyHelp4" ;
+------+-------+----------+-------------------------------------------------------------------+
; Port ; Type  ; Severity ; Details                                                           ;
+------+-------+----------+-------------------------------------------------------------------+
; rcEn ; Input ; Info     ; Stuck at GND                                                      ;
+------+-------+----------+-------------------------------------------------------------------+


+---------------------------------------------------------------------------------------------+
; Port Connectivity Checks: "aes_core:core|keyExpansionRounds:KE|keyExpansionHelper:keyHelp3" ;
+------+-------+----------+-------------------------------------------------------------------+
; Port ; Type  ; Severity ; Details                                                           ;
+------+-------+----------+-------------------------------------------------------------------+
; rcEn ; Input ; Info     ; Stuck at GND                                                      ;
+------+-------+----------+-------------------------------------------------------------------+


+---------------------------------------------------------------------------------------------+
; Port Connectivity Checks: "aes_core:core|keyExpansionRounds:KE|keyExpansionHelper:keyHelp2" ;
+------+-------+----------+-------------------------------------------------------------------+
; Port ; Type  ; Severity ; Details                                                           ;
+------+-------+----------+-------------------------------------------------------------------+
; rcEn ; Input ; Info     ; Stuck at GND                                                      ;
+------+-------+----------+-------------------------------------------------------------------+


+---------------------------------------------------------------------------------------------+
; Port Connectivity Checks: "aes_core:core|keyExpansionRounds:KE|keyExpansionHelper:keyHelp1" ;
+------+-------+----------+-------------------------------------------------------------------+
; Port ; Type  ; Severity ; Details                                                           ;
+------+-------+----------+-------------------------------------------------------------------+
; rcEn ; Input ; Info     ; Stuck at VCC                                                      ;
+------+-------+----------+-------------------------------------------------------------------+


+-------------------------------+
; Elapsed Time Per Partition    ;
+----------------+--------------+
; Partition Name ; Elapsed Time ;
+----------------+--------------+
; Top            ; 00:00:37     ;
+----------------+--------------+


+-------------------------------+
; Analysis & Synthesis Messages ;
+-------------------------------+
Info: *******************************************************************
Info: Running Quartus II 64-Bit Analysis & Synthesis
    Info: Version 13.0.1 Build 232 06/12/2013 Service Pack 1 SJ Web Edition
    Info: Processing started: Wed Oct 31 15:54:27 2018
Info: Command: quartus_map --read_settings_files=on --write_settings_files=off lab7_PJ -c aes
Warning (20028): Parallel compilation is not licensed and has been disabled
Info (12021): Found 20 design units, including 20 entities, in source file aes.sv
    Info (12023): Found entity 1: testbench
    Info (12023): Found entity 2: aes
    Info (12023): Found entity 3: aes_spi
    Info (12023): Found entity 4: aes_core
    Info (12023): Found entity 5: controllerFSM
    Info (12023): Found entity 6: subBytes
    Info (12023): Found entity 7: sbox
    Info (12023): Found entity 8: shiftRows
    Info (12023): Found entity 9: mixcolumns
    Info (12023): Found entity 10: mixcolumn
    Info (12023): Found entity 11: galoismult
    Info (12023): Found entity 12: addRoundKey
    Info (12023): Found entity 13: keyExpansionRounds
    Info (12023): Found entity 14: keyExpansionHelper
    Info (12023): Found entity 15: subWord
    Info (12023): Found entity 16: rotWord
    Info (12023): Found entity 17: bigmux2
    Info (12023): Found entity 18: mux2
    Info (12023): Found entity 19: flopen
    Info (12023): Found entity 20: levelToPulse
Info (12127): Elaborating entity "aes" for the top level hierarchy
Info (12128): Elaborating entity "aes_spi" for hierarchy "aes_spi:spi"
Info (12128): Elaborating entity "aes_core" for hierarchy "aes_core:core"
Info (12128): Elaborating entity "levelToPulse" for hierarchy "aes_core:core|levelToPulse:lvp"
Info (12128): Elaborating entity "controllerFSM" for hierarchy "aes_core:core|controllerFSM:control"
Info (12128): Elaborating entity "bigmux2" for hierarchy "aes_core:core|bigmux2:muxStateIn"
Info (12128): Elaborating entity "subBytes" for hierarchy "aes_core:core|subBytes:SB"
Info (12128): Elaborating entity "sbox" for hierarchy "aes_core:core|subBytes:SB|sbox:sbox1"
Warning (10030): Net "sbox.data_a" at aes.sv(357) has no driver or initial value, using a default initial value '0'
Warning (10030): Net "sbox.waddr_a" at aes.sv(357) has no driver or initial value, using a default initial value '0'
Warning (10030): Net "sbox.we_a" at aes.sv(357) has no driver or initial value, using a default initial value '0'
Info (12128): Elaborating entity "shiftRows" for hierarchy "aes_core:core|shiftRows:SR"
Info (12128): Elaborating entity "mixcolumns" for hierarchy "aes_core:core|mixcolumns:MC"
Info (12128): Elaborating entity "mixcolumn" for hierarchy "aes_core:core|mixcolumns:MC|mixcolumn:mc0"
Info (12128): Elaborating entity "galoismult" for hierarchy "aes_core:core|mixcolumns:MC|mixcolumn:mc0|galoismult:gm0"
Info (12128): Elaborating entity "keyExpansionRounds" for hierarchy "aes_core:core|keyExpansionRounds:KE"
Info (12128): Elaborating entity "keyExpansionHelper" for hierarchy "aes_core:core|keyExpansionRounds:KE|keyExpansionHelper:keyHelp1"
Warning (10036): Verilog HDL or VHDL warning at aes.sv(506): object "word1" assigned a value but never read
Warning (10036): Verilog HDL or VHDL warning at aes.sv(506): object "word2" assigned a value but never read
Info (12128): Elaborating entity "rotWord" for hierarchy "aes_core:core|keyExpansionRounds:KE|keyExpansionHelper:keyHelp1|rotWord:rotWordA"
Info (12128): Elaborating entity "subWord" for hierarchy "aes_core:core|keyExpansionRounds:KE|keyExpansionHelper:keyHelp1|subWord:subWordA"
Info (12128): Elaborating entity "mux2" for hierarchy "aes_core:core|keyExpansionRounds:KE|keyExpansionHelper:keyHelp1|mux2:muxA"
Info (12128): Elaborating entity "addRoundKey" for hierarchy "aes_core:core|addRoundKey:AR"
Info (12128): Elaborating entity "flopen" for hierarchy "aes_core:core|flopen:stateFlop"
Info (276014): Found 20 instances of uninferred RAM logic
    Info (276007): RAM logic "aes_core:core|keyExpansionRounds:KE|keyExpansionHelper:keyHelp1|subWord:subWordA|sbox:sboxA|sbox" is uninferred due to asynchronous read logic
    Info (276007): RAM logic "aes_core:core|subBytes:SB|sbox:sbox1|sbox" is uninferred due to asynchronous read logic
    Info (276007): RAM logic "aes_core:core|subBytes:SB|sbox:sbox6|sbox" is uninferred due to asynchronous read logic
    Info (276007): RAM logic "aes_core:core|subBytes:SB|sbox:sbox11|sbox" is uninferred due to asynchronous read logic
    Info (276007): RAM logic "aes_core:core|subBytes:SB|sbox:sbox16|sbox" is uninferred due to asynchronous read logic
    Info (276007): RAM logic "aes_core:core|keyExpansionRounds:KE|keyExpansionHelper:keyHelp1|subWord:subWordA|sbox:sboxB|sbox" is uninferred due to asynchronous read logic
    Info (276007): RAM logic "aes_core:core|subBytes:SB|sbox:sbox10|sbox" is uninferred due to asynchronous read logic
    Info (276007): RAM logic "aes_core:core|subBytes:SB|sbox:sbox4|sbox" is uninferred due to asynchronous read logic
    Info (276007): RAM logic "aes_core:core|subBytes:SB|sbox:sbox5|sbox" is uninferred due to asynchronous read logic
    Info (276007): RAM logic "aes_core:core|subBytes:SB|sbox:sbox15|sbox" is uninferred due to asynchronous read logic
    Info (276007): RAM logic "aes_core:core|keyExpansionRounds:KE|keyExpansionHelper:keyHelp1|subWord:subWordA|sbox:sboxC|sbox" is uninferred due to asynchronous read logic
    Info (276007): RAM logic "aes_core:core|subBytes:SB|sbox:sbox3|sbox" is uninferred due to asynchronous read logic
    Info (276007): RAM logic "aes_core:core|subBytes:SB|sbox:sbox8|sbox" is uninferred due to asynchronous read logic
    Info (276007): RAM logic "aes_core:core|subBytes:SB|sbox:sbox9|sbox" is uninferred due to asynchronous read logic
    Info (276007): RAM logic "aes_core:core|subBytes:SB|sbox:sbox14|sbox" is uninferred due to asynchronous read logic
    Info (276007): RAM logic "aes_core:core|keyExpansionRounds:KE|keyExpansionHelper:keyHelp1|subWord:subWordA|sbox:sboxD|sbox" is uninferred due to asynchronous read logic
    Info (276007): RAM logic "aes_core:core|subBytes:SB|sbox:sbox12|sbox" is uninferred due to asynchronous read logic
    Info (276007): RAM logic "aes_core:core|subBytes:SB|sbox:sbox2|sbox" is uninferred due to asynchronous read logic
    Info (276007): RAM logic "aes_core:core|subBytes:SB|sbox:sbox7|sbox" is uninferred due to asynchronous read logic
    Info (276007): RAM logic "aes_core:core|subBytes:SB|sbox:sbox13|sbox" is uninferred due to asynchronous read logic
Info (286030): Timing-Driven Synthesis is running
Info (17049): 6 registers lost all their fanouts during netlist optimizations.
Info (16010): Generating hard_block partition "hard_block:auto_generated_inst"
    Info (16011): Adding 0 node(s), including 0 DDIO, 0 PLL, 0 transceiver and 0 LCELL
Info (21057): Implemented 5578 device resources after synthesis - the final resource count might be different
    Info (21058): Implemented 4 input pins
    Info (21059): Implemented 2 output pins
    Info (21061): Implemented 5572 logic cells
Info: Quartus II 64-Bit Analysis & Synthesis was successful. 0 errors, 6 warnings
    Info: Peak virtual memory: 4636 megabytes
    Info: Processing ended: Wed Oct 31 15:55:06 2018
    Info: Elapsed time: 00:00:39
    Info: Total CPU time (on all processors): 00:00:39


