Analysis & Synthesis report for lab3_PJ
Thu Sep 27 14:03:34 2018
Quartus II 64-Bit Version 13.0.1 Build 232 06/12/2013 Service Pack 1 SJ Web Edition


---------------------
; Table of Contents ;
---------------------
  1. Legal Notice
  2. Analysis & Synthesis Summary
  3. Analysis & Synthesis Settings
  4. Parallel Compilation
  5. Analysis & Synthesis Source Files Read
  6. Analysis & Synthesis Resource Usage Summary
  7. Analysis & Synthesis Resource Utilization by Entity
  8. State Machine - |lab3_PJ|levelToPulse:lvlPlsConverter|state
  9. State Machine - |lab3_PJ|scannerFSM:scanner|state
 10. Registers Removed During Synthesis
 11. General Register Statistics
 12. Port Connectivity Checks: "counter:countLED"
 13. Port Connectivity Checks: "scannerCounter:countScan"
 14. Elapsed Time Per Partition
 15. Analysis & Synthesis Messages



----------------
; Legal Notice ;
----------------
Copyright (C) 1991-2013 Altera Corporation
Your use of Altera Corporation's design tools, logic functions 
and other software and tools, and its AMPP partner logic 
functions, and any output files from any of the foregoing 
(including device programming or simulation files), and any 
associated documentation or information are expressly subject 
to the terms and conditions of the Altera Program License 
Subscription Agreement, Altera MegaCore Function License 
Agreement, or other applicable license agreement, including, 
without limitation, that your use is for the sole purpose of 
programming logic devices manufactured by Altera and sold by 
Altera or its authorized distributors.  Please refer to the 
applicable agreement for further details.



+--------------------------------------------------------------------------------------+
; Analysis & Synthesis Summary                                                         ;
+------------------------------------+-------------------------------------------------+
; Analysis & Synthesis Status        ; Successful - Thu Sep 27 14:03:34 2018           ;
; Quartus II 64-Bit Version          ; 13.0.1 Build 232 06/12/2013 SP 1 SJ Web Edition ;
; Revision Name                      ; lab3_PJ                                         ;
; Top-level Entity Name              ; lab3_PJ                                         ;
; Family                             ; Cyclone IV E                                    ;
; Total logic elements               ; 95                                              ;
;     Total combinational functions  ; 89                                              ;
;     Dedicated logic registers      ; 71                                              ;
; Total registers                    ; 71                                              ;
; Total pins                         ; 26                                              ;
; Total virtual pins                 ; 0                                               ;
; Total memory bits                  ; 0                                               ;
; Embedded Multiplier 9-bit elements ; 0                                               ;
; Total PLLs                         ; 0                                               ;
+------------------------------------+-------------------------------------------------+


+----------------------------------------------------------------------------------------------------------------------+
; Analysis & Synthesis Settings                                                                                        ;
+----------------------------------------------------------------------------+--------------------+--------------------+
; Option                                                                     ; Setting            ; Default Value      ;
+----------------------------------------------------------------------------+--------------------+--------------------+
; Device                                                                     ; EP4CE6E22C8        ;                    ;
; Top-level entity name                                                      ; lab3_PJ            ; lab3_PJ            ;
; Family name                                                                ; Cyclone IV E       ; Cyclone IV GX      ;
; Use smart compilation                                                      ; Off                ; Off                ;
; Enable parallel Assembler and TimeQuest Timing Analyzer during compilation ; On                 ; On                 ;
; Enable compact report table                                                ; Off                ; Off                ;
; Restructure Multiplexers                                                   ; Auto               ; Auto               ;
; Create Debugging Nodes for IP Cores                                        ; Off                ; Off                ;
; Preserve fewer node names                                                  ; On                 ; On                 ;
; Disable OpenCore Plus hardware evaluation                                  ; Off                ; Off                ;
; Verilog Version                                                            ; Verilog_2001       ; Verilog_2001       ;
; VHDL Version                                                               ; VHDL_1993          ; VHDL_1993          ;
; State Machine Processing                                                   ; Auto               ; Auto               ;
; Safe State Machine                                                         ; Off                ; Off                ;
; Extract Verilog State Machines                                             ; On                 ; On                 ;
; Extract VHDL State Machines                                                ; On                 ; On                 ;
; Ignore Verilog initial constructs                                          ; Off                ; Off                ;
; Iteration limit for constant Verilog loops                                 ; 5000               ; 5000               ;
; Iteration limit for non-constant Verilog loops                             ; 250                ; 250                ;
; Add Pass-Through Logic to Inferred RAMs                                    ; On                 ; On                 ;
; Infer RAMs from Raw Logic                                                  ; On                 ; On                 ;
; Parallel Synthesis                                                         ; On                 ; On                 ;
; DSP Block Balancing                                                        ; Auto               ; Auto               ;
; NOT Gate Push-Back                                                         ; On                 ; On                 ;
; Power-Up Don't Care                                                        ; On                 ; On                 ;
; Remove Redundant Logic Cells                                               ; Off                ; Off                ;
; Remove Duplicate Registers                                                 ; On                 ; On                 ;
; Ignore CARRY Buffers                                                       ; Off                ; Off                ;
; Ignore CASCADE Buffers                                                     ; Off                ; Off                ;
; Ignore GLOBAL Buffers                                                      ; Off                ; Off                ;
; Ignore ROW GLOBAL Buffers                                                  ; Off                ; Off                ;
; Ignore LCELL Buffers                                                       ; Off                ; Off                ;
; Ignore SOFT Buffers                                                        ; On                 ; On                 ;
; Limit AHDL Integers to 32 Bits                                             ; Off                ; Off                ;
; Optimization Technique                                                     ; Balanced           ; Balanced           ;
; Carry Chain Length                                                         ; 70                 ; 70                 ;
; Auto Carry Chains                                                          ; On                 ; On                 ;
; Auto Open-Drain Pins                                                       ; On                 ; On                 ;
; Perform WYSIWYG Primitive Resynthesis                                      ; Off                ; Off                ;
; Auto ROM Replacement                                                       ; On                 ; On                 ;
; Auto RAM Replacement                                                       ; On                 ; On                 ;
; Auto DSP Block Replacement                                                 ; On                 ; On                 ;
; Auto Shift Register Replacement                                            ; Auto               ; Auto               ;
; Allow Shift Register Merging across Hierarchies                            ; Auto               ; Auto               ;
; Auto Clock Enable Replacement                                              ; On                 ; On                 ;
; Strict RAM Replacement                                                     ; Off                ; Off                ;
; Allow Synchronous Control Signals                                          ; On                 ; On                 ;
; Force Use of Synchronous Clear Signals                                     ; Off                ; Off                ;
; Auto RAM Block Balancing                                                   ; On                 ; On                 ;
; Auto RAM to Logic Cell Conversion                                          ; Off                ; Off                ;
; Auto Resource Sharing                                                      ; Off                ; Off                ;
; Allow Any RAM Size For Recognition                                         ; Off                ; Off                ;
; Allow Any ROM Size For Recognition                                         ; Off                ; Off                ;
; Allow Any Shift Register Size For Recognition                              ; Off                ; Off                ;
; Use LogicLock Constraints during Resource Balancing                        ; On                 ; On                 ;
; Ignore translate_off and synthesis_off directives                          ; Off                ; Off                ;
; Timing-Driven Synthesis                                                    ; On                 ; On                 ;
; Report Parameter Settings                                                  ; On                 ; On                 ;
; Report Source Assignments                                                  ; On                 ; On                 ;
; Report Connectivity Checks                                                 ; On                 ; On                 ;
; Ignore Maximum Fan-Out Assignments                                         ; Off                ; Off                ;
; Synchronization Register Chain Length                                      ; 2                  ; 2                  ;
; PowerPlay Power Optimization                                               ; Normal compilation ; Normal compilation ;
; HDL message level                                                          ; Level2             ; Level2             ;
; Suppress Register Optimization Related Messages                            ; Off                ; Off                ;
; Number of Removed Registers Reported in Synthesis Report                   ; 5000               ; 5000               ;
; Number of Swept Nodes Reported in Synthesis Report                         ; 5000               ; 5000               ;
; Number of Inverted Registers Reported in Synthesis Report                  ; 100                ; 100                ;
; Clock MUX Protection                                                       ; On                 ; On                 ;
; Auto Gated Clock Conversion                                                ; Off                ; Off                ;
; Block Design Naming                                                        ; Auto               ; Auto               ;
; SDC constraint protection                                                  ; Off                ; Off                ;
; Synthesis Effort                                                           ; Auto               ; Auto               ;
; Shift Register Replacement - Allow Asynchronous Clear Signal               ; On                 ; On                 ;
; Pre-Mapping Resynthesis Optimization                                       ; Off                ; Off                ;
; Analysis & Synthesis Message Level                                         ; Medium             ; Medium             ;
; Disable Register Merging Across Hierarchies                                ; Auto               ; Auto               ;
; Resource Aware Inference For Block RAM                                     ; On                 ; On                 ;
; Synthesis Seed                                                             ; 1                  ; 1                  ;
+----------------------------------------------------------------------------+--------------------+--------------------+


Parallel compilation was disabled, but you have multiple processors available. Enable parallel compilation to reduce compilation time.
+-------------------------------------+
; Parallel Compilation                ;
+----------------------------+--------+
; Processors                 ; Number ;
+----------------------------+--------+
; Number detected on machine ; 8      ;
; Maximum allowed            ; 1      ;
+----------------------------+--------+


+----------------------------------------------------------------------------------------------------------------------------------------------------+
; Analysis & Synthesis Source Files Read                                                                                                             ;
+----------------------------------+-----------------+------------------------------+------------------------------------------------------+---------+
; File Name with User-Entered Path ; Used in Netlist ; File Type                    ; File Name with Absolute Path                         ; Library ;
+----------------------------------+-----------------+------------------------------+------------------------------------------------------+---------+
; lab3_PJ.sv                       ; yes             ; User SystemVerilog HDL File  ; C:/Users/pjohnson/Desktop/lab3_PJ/lab3_PJ/lab3_PJ.sv ;         ;
+----------------------------------+-----------------+------------------------------+------------------------------------------------------+---------+


+---------------------------------------------------------+
; Analysis & Synthesis Resource Usage Summary             ;
+---------------------------------------------+-----------+
; Resource                                    ; Usage     ;
+---------------------------------------------+-----------+
; Estimated Total logic elements              ; 95        ;
;                                             ;           ;
; Total combinational functions               ; 89        ;
; Logic element usage by number of LUT inputs ;           ;
;     -- 4 input functions                    ; 14        ;
;     -- 3 input functions                    ; 11        ;
;     -- <=2 input functions                  ; 64        ;
;                                             ;           ;
; Logic elements by mode                      ;           ;
;     -- normal mode                          ; 31        ;
;     -- arithmetic mode                      ; 58        ;
;                                             ;           ;
; Total registers                             ; 71        ;
;     -- Dedicated logic registers            ; 71        ;
;     -- I/O registers                        ; 0         ;
;                                             ;           ;
; I/O pins                                    ; 26        ;
; Embedded Multiplier 9-bit elements          ; 0         ;
; Maximum fan-out node                        ; clk~input ;
; Maximum fan-out                             ; 57        ;
; Total fan-out                               ; 418       ;
; Average fan-out                             ; 1.97      ;
+---------------------------------------------+-----------+


+------------------------------------------------------------------------------------------------------------------------------------------------------------------------------------------------------+
; Analysis & Synthesis Resource Utilization by Entity                                                                                                                                                  ;
+-----------------------------------+-------------------+--------------+-------------+--------------+---------+-----------+------+--------------+---------------------------------------+--------------+
; Compilation Hierarchy Node        ; LC Combinationals ; LC Registers ; Memory Bits ; DSP Elements ; DSP 9x9 ; DSP 18x18 ; Pins ; Virtual Pins ; Full Hierarchy Name                   ; Library Name ;
+-----------------------------------+-------------------+--------------+-------------+--------------+---------+-----------+------+--------------+---------------------------------------+--------------+
; |lab3_PJ                          ; 89 (7)            ; 71 (0)       ; 0           ; 0            ; 0       ; 0         ; 26   ; 0            ; |lab3_PJ                              ; work         ;
;    |counter:countLED|             ; 31 (31)           ; 31 (31)      ; 0           ; 0            ; 0       ; 0         ; 0    ; 0            ; |lab3_PJ|counter:countLED             ; work         ;
;    |flopen:disp0Flop|             ; 4 (4)             ; 4 (4)        ; 0           ; 0            ; 0       ; 0         ; 0    ; 0            ; |lab3_PJ|flopen:disp0Flop             ; work         ;
;    |flopen:disp1Flop|             ; 0 (0)             ; 4 (4)        ; 0           ; 0            ; 0       ; 0         ; 0    ; 0            ; |lab3_PJ|flopen:disp1Flop             ; work         ;
;    |levelToPulse:lvlPlsConverter| ; 1 (1)             ; 2 (2)        ; 0           ; 0            ; 0       ; 0         ; 0    ; 0            ; |lab3_PJ|levelToPulse:lvlPlsConverter ; work         ;
;    |mux2:timeMux|                 ; 4 (4)             ; 0 (0)        ; 0           ; 0            ; 0       ; 0         ; 0    ; 0            ; |lab3_PJ|mux2:timeMux                 ; work         ;
;    |scannerCounter:countScan|     ; 30 (30)           ; 26 (26)      ; 0           ; 0            ; 0       ; 0         ; 0    ; 0            ; |lab3_PJ|scannerCounter:countScan     ; work         ;
;    |scannerFSM:scanner|           ; 12 (12)           ; 4 (4)        ; 0           ; 0            ; 0       ; 0         ; 0    ; 0            ; |lab3_PJ|scannerFSM:scanner           ; work         ;
+-----------------------------------+-------------------+--------------+-------------+--------------+---------+-----------+------+--------------+---------------------------------------+--------------+
Note: For table entries with two numbers listed, the numbers in parentheses indicate the number of resources of the given type used by the specific entity alone. The numbers listed outside of parentheses indicate the total resources of the given type used by the specific entity and all of its sub-entities in the hierarchy.


Encoding Type:  One-Hot
+-------------------------------------------------------------+
; State Machine - |lab3_PJ|levelToPulse:lvlPlsConverter|state ;
+----------+----------+----------+----------------------------+
; Name     ; state.S0 ; state.S2 ; state.S1                   ;
+----------+----------+----------+----------------------------+
; state.S0 ; 0        ; 0        ; 0                          ;
; state.S1 ; 1        ; 0        ; 1                          ;
; state.S2 ; 1        ; 1        ; 0                          ;
+----------+----------+----------+----------------------------+


Encoding Type:  One-Hot
+------------------------------------------------------+
; State Machine - |lab3_PJ|scannerFSM:scanner|state    ;
+----------+----------+----------+----------+----------+
; Name     ; state.S3 ; state.S2 ; state.S1 ; state.S0 ;
+----------+----------+----------+----------+----------+
; state.S0 ; 0        ; 0        ; 0        ; 0        ;
; state.S1 ; 0        ; 0        ; 1        ; 1        ;
; state.S2 ; 0        ; 1        ; 0        ; 1        ;
; state.S3 ; 1        ; 0        ; 0        ; 1        ;
+----------+----------+----------+----------+----------+


+---------------------------------------------------------------------------+
; Registers Removed During Synthesis                                        ;
+---------------------------------------+-----------------------------------+
; Register name                         ; Reason for Removal                ;
+---------------------------------------+-----------------------------------+
; scannerCounter:countScan|q[1]         ; Merged with counter:countLED|q[1] ;
; scannerCounter:countScan|q[2]         ; Merged with counter:countLED|q[2] ;
; scannerCounter:countScan|q[3]         ; Merged with counter:countLED|q[3] ;
; scannerCounter:countScan|q[4]         ; Merged with counter:countLED|q[4] ;
; scannerCounter:countScan|q[5]         ; Merged with counter:countLED|q[5] ;
; levelToPulse:lvlPlsConverter|state.S2 ; Lost fanout                       ;
; scannerFSM:scanner|state~2            ; Lost fanout                       ;
; scannerFSM:scanner|state~3            ; Lost fanout                       ;
; Total Number of Removed Registers = 8 ;                                   ;
+---------------------------------------+-----------------------------------+


+------------------------------------------------------+
; General Register Statistics                          ;
+----------------------------------------------+-------+
; Statistic                                    ; Value ;
+----------------------------------------------+-------+
; Total registers                              ; 71    ;
; Number of registers using Synchronous Clear  ; 0     ;
; Number of registers using Synchronous Load   ; 4     ;
; Number of registers using Asynchronous Clear ; 0     ;
; Number of registers using Asynchronous Load  ; 0     ;
; Number of registers using Clock Enable       ; 12    ;
; Number of registers using Preset             ; 0     ;
+----------------------------------------------+-------+


+--------------------------------------------------------------------------------------------------------------------+
; Port Connectivity Checks: "counter:countLED"                                                                       ;
+----------+--------+----------+-------------------------------------------------------------------------------------+
; Port     ; Type   ; Severity ; Details                                                                             ;
+----------+--------+----------+-------------------------------------------------------------------------------------+
; q[30..0] ; Output ; Info     ; Connected to dangling logic. Logic that only feeds a dangling port will be removed. ;
+----------+--------+----------+-------------------------------------------------------------------------------------+


+--------------------------------------------------------------------------------------------------------------------+
; Port Connectivity Checks: "scannerCounter:countScan"                                                               ;
+----------+--------+----------+-------------------------------------------------------------------------------------+
; Port     ; Type   ; Severity ; Details                                                                             ;
+----------+--------+----------+-------------------------------------------------------------------------------------+
; q[30..0] ; Output ; Info     ; Connected to dangling logic. Logic that only feeds a dangling port will be removed. ;
+----------+--------+----------+-------------------------------------------------------------------------------------+


+-------------------------------+
; Elapsed Time Per Partition    ;
+----------------+--------------+
; Partition Name ; Elapsed Time ;
+----------------+--------------+
; Top            ; 00:00:00     ;
+----------------+--------------+


+-------------------------------+
; Analysis & Synthesis Messages ;
+-------------------------------+
Info: *******************************************************************
Info: Running Quartus II 64-Bit Analysis & Synthesis
    Info: Version 13.0.1 Build 232 06/12/2013 Service Pack 1 SJ Web Edition
    Info: Processing started: Thu Sep 27 14:03:33 2018
Info: Command: quartus_map --read_settings_files=on --write_settings_files=off lab3_PJ -c lab3_PJ
Warning (20028): Parallel compilation is not licensed and has been disabled
Info (12021): Found 7 design units, including 7 entities, in source file lab3_pj.sv
    Info (12023): Found entity 1: lab3_PJ
    Info (12023): Found entity 2: scannerFSM
    Info (12023): Found entity 3: counter
    Info (12023): Found entity 4: scannerCounter
    Info (12023): Found entity 5: mux2
    Info (12023): Found entity 6: flopen
    Info (12023): Found entity 7: levelToPulse
Info (12127): Elaborating entity "lab3_PJ" for the top level hierarchy
Warning (10034): Output port "led[2..0]" at lab3_PJ.sv(10) has no driver
Info (12128): Elaborating entity "scannerCounter" for hierarchy "scannerCounter:countScan"
Warning (10034): Output port "q[0]" at lab3_PJ.sv(177) has no driver
Info (12128): Elaborating entity "scannerFSM" for hierarchy "scannerFSM:scanner"
Info (12128): Elaborating entity "levelToPulse" for hierarchy "levelToPulse:lvlPlsConverter"
Info (12128): Elaborating entity "flopen" for hierarchy "flopen:disp0Flop"
Info (12128): Elaborating entity "counter" for hierarchy "counter:countLED"
Warning (10034): Output port "q[0]" at lab3_PJ.sv(168) has no driver
Info (12128): Elaborating entity "mux2" for hierarchy "mux2:timeMux"
Warning (13024): Output pins are stuck at VCC or GND
    Warning (13410): Pin "led[0]" is stuck at GND
    Warning (13410): Pin "led[1]" is stuck at GND
    Warning (13410): Pin "led[2]" is stuck at GND
Info (286030): Timing-Driven Synthesis is running
Info (17049): 3 registers lost all their fanouts during netlist optimizations.
Info (16010): Generating hard_block partition "hard_block:auto_generated_inst"
    Info (16011): Adding 0 node(s), including 0 DDIO, 0 PLL, 0 transceiver and 0 LCELL
Info (21057): Implemented 122 device resources after synthesis - the final resource count might be different
    Info (21058): Implemented 5 input pins
    Info (21059): Implemented 21 output pins
    Info (21061): Implemented 96 logic cells
Info: Quartus II 64-Bit Analysis & Synthesis was successful. 0 errors, 8 warnings
    Info: Peak virtual memory: 4608 megabytes
    Info: Processing ended: Thu Sep 27 14:03:34 2018
    Info: Elapsed time: 00:00:01
    Info: Total CPU time (on all processors): 00:00:01


